#
# A fatal error has been detected by the Java Runtime Environment:
#
#  Internal Error (javaClasses.cpp:129), pid=3592, tid=3108
#  fatal error: Invalid layout of preloaded class
#
# JRE version: 7.0_11-b21
# Java VM: Java HotSpot(TM) 64-Bit Server VM (23.6-b04 mixed mode windows-amd64 compressed oops)
# Failed to write core dump. Minidumps are not enabled by default on client versions of Windows
#
# If you would like to submit a bug report, please visit:
#   http://bugreport.sun.com/bugreport/crash.jsp
#

---------------  T H R E A D  ---------------

Current thread (0x0000000001dad000):  JavaThread "Unknown thread" [_thread_in_vm, id=3108, stack(0x0000000001bc0000,0x0000000001cc0000)]

Stack: [0x0000000001bc0000,0x0000000001cc0000]

---------------  P R O C E S S  ---------------

Java Threads: ( => current thread )

Other Threads:

=>0x0000000001dad000 (exited) JavaThread "Unknown thread" [_thread_in_vm, id=3108, stack(0x0000000001bc0000,0x0000000001cc0000)]

VM state:not at safepoint (not fully initialized)

VM Mutex/Monitor currently owned by a thread: None

GC Heap History (0 events):
No events

Deoptimization events (0 events):
No events

Internal exceptions (0 events):
No events

Events (10 events):
Event: 0.019 loading class 0x0000000001dee810 done
Event: 0.019 loading class 0x0000000001db98c0 done
Event: 0.019 loading class 0x0000000001db9bf0
Event: 0.019 loading class 0x0000000001dfbe00
Event: 0.019 loading class 0x0000000001dfbe00 done
Event: 0.019 loading class 0x0000000001dfca00
Event: 0.020 loading class 0x0000000001dfca00 done
Event: 0.020 loading class 0x000000000527ea40
Event: 0.020 loading class 0x000000000527ea40 done
Event: 0.020 loading class 0x0000000001db9bf0 done


Dynamic libraries:
0x000007f6b9da0000 - 0x000007f6b9dd3000 	C:\Program Files\Java\jre7\bin\javaw.exe
0x000007fcc88f0000 - 0x000007fcc8aae000 	C:\Windows\SYSTEM32\ntdll.dll
0x000007fcc6210000 - 0x000007fcc6346000 	C:\Windows\system32\KERNEL32.DLL
0x000007fcc58f0000 - 0x000007fcc59e3000 	C:\Windows\system32\KERNELBASE.dll
0x000007fcc69e0000 - 0x000007fcc6abe000 	C:\Windows\system32\ADVAPI32.dll
0x000007fcc8620000 - 0x000007fcc876c000 	C:\Windows\system32\USER32.dll
0x000007fcc3680000 - 0x000007fcc38e9000 	C:\Windows\WinSxS\amd64_microsoft.windows.common-controls_6595b64144ccf1df_6.0.9200.16384_none_418c2a697189c07f\COMCTL32.dll
0x000007fcc5f90000 - 0x000007fcc6035000 	C:\Windows\system32\msvcrt.dll
0x000007fcc6c00000 - 0x000007fcc6c48000 	C:\Windows\SYSTEM32\sechost.dll
0x000007fcc6fb0000 - 0x000007fcc70f0000 	C:\Windows\system32\RPCRT4.dll
0x000007fcc6c50000 - 0x000007fcc6d90000 	C:\Windows\system32\GDI32.dll
0x000007fcc6940000 - 0x000007fcc6979000 	C:\Windows\system32\IMM32.DLL
0x000007fcc66a0000 - 0x000007fcc67b4000 	C:\Windows\system32\MSCTF.dll
0x000000005bd80000 - 0x000000005be51000 	C:\Program Files\Java\jre7\bin\msvcr100.dll
0x000000005b660000 - 0x000000005bd7f000 	C:\Program Files\Java\jre7\bin\server\jvm.dll
0x000007fcc1970000 - 0x000007fcc1979000 	C:\Windows\SYSTEM32\WSOCK32.dll
0x000007fcbcad0000 - 0x000007fcbcaf0000 	C:\Windows\SYSTEM32\WINMM.dll
0x000007fcc6ad0000 - 0x000007fcc6ad7000 	C:\Windows\system32\PSAPI.DLL
0x000007fcc6980000 - 0x000007fcc69d8000 	C:\Windows\system32\WS2_32.dll
0x000007fcbca90000 - 0x000007fcbcac2000 	C:\Windows\SYSTEM32\WINMMBASE.dll
0x000007fcc67c0000 - 0x000007fcc67c9000 	C:\Windows\system32\NSI.dll
0x000000005b650000 - 0x000000005b65f000 	C:\Program Files\Java\jre7\bin\verify.dll
0x000000005b620000 - 0x000000005b648000 	C:\Program Files\Java\jre7\bin\java.dll
0x000000005b600000 - 0x000000005b615000 	C:\Program Files\Java\jre7\bin\zip.dll

VM Arguments:
jvm_args: -Dfile.encoding=Cp1252 -Xbootclasspath:C:\Users\Henkie\Downloads\adt-bundle-windows-x86_64\adt-bundle-windows-x86_64\sdk\platforms\android-17\android.jar 
java_command: com.patchingzone.energyvampire.Chat
Launcher Type: SUN_STANDARD

Environment Variables:
PATH=C:\Windows\system32;C:\Windows;C:\Windows\System32\Wbem;C:\Windows\System32\WindowsPowerShell\v1.0\
USERNAME=Henkie
OS=Windows_NT
PROCESSOR_IDENTIFIER=Intel64 Family 6 Model 42 Stepping 7, GenuineIntel



---------------  S Y S T E M  ---------------

OS: Windows 8 , 64 bit Build 9200 

CPU:total 1 (1 cores per cpu, 1 threads per core) family 6 model 42 stepping 7, cmov, cx8, fxsr, mmx, sse, sse2, sse3, ssse3, tsc

Memory: 4k page, physical 4193844k(1885488k free), swap 7863860k(4652152k free)

vm_info: Java HotSpot(TM) 64-Bit Server VM (23.6-b04) for windows-amd64 JRE (1.7.0_11-b21), built on Jan 12 2013 02:38:42 by "java_re" with unknown MS VC++:1600

time: Fri Jan 25 09:56:12 2013
elapsed time: 0 seconds

