0 info it worked if it ends with ok
1 verbose cli [ 'C:\\Program Files\\nodejs\\\\node.exe',
1 verbose cli   'C:\\Program Files\\nodejs\\node_modules\\npm\\bin\\npm-cli.js',
1 verbose cli   'install',
1 verbose cli   '*' ]
2 info using npm@1.2.0
3 info using node@v0.8.17
4 verbose node symlink C:\Program Files\nodejs\\node.exe
5 verbose read json C:\Users\Roy\package.json
6 verbose read json C:\Users\Roy\node_modules\express\package.json
7 verbose read json C:\Users\Roy\node_modules\node-socket.io-client\package.json
8 verbose read json C:\Users\Roy\node_modules\socket.io\package.json
9 verbose read json C:\Users\Roy\node_modules\socket.io-client\package.json
10 verbose read json C:\Users\Roy\node_modules\socket.io.rar\package.json
11 verbose read json C:\Users\Roy\node_modules\xmlhttprequest\package.json
12 verbose read json C:\Users\Roy\package.json
13 verbose cache add [ '*', null ]
14 silly cache add name=undefined spec="*" args=["*",null]
15 verbose parsed url { pathname: '*', path: '*', href: '*' }
16 silly lockFile df58248c- *
17 verbose lock * C:\Users\Roy\AppData\Roaming\npm-cache\df58248c-.lock
18 silly lockFile df58248c- *
19 verbose addNamed [ '*', '' ]
20 verbose addNamed [ null, '' ]
21 silly lockFile c813d86a- *@
22 verbose lock *@ C:\Users\Roy\AppData\Roaming\npm-cache\c813d86a-.lock
23 silly addNameRange { name: '*', range: '', hasData: false }
24 verbose url raw *
25 verbose url resolving [ 'https://registry.npmjs.org/', './*' ]
26 verbose url resolved https://registry.npmjs.org/*
27 info trying registry request attempt 1 at 14:34:20
28 http GET https://registry.npmjs.org/*
29 http 404 https://registry.npmjs.org/*
30 silly registry.get cb [ 404,
30 silly registry.get   { server: 'CouchDB/1.2.1 (Erlang OTP/R15B)',
30 silly registry.get     date: 'Thu, 17 Jan 2013 14:32:41 GMT',
30 silly registry.get     'content-type': 'application/json',
30 silly registry.get     'content-length': '52',
30 silly registry.get     'cache-control': 'must-revalidate' } ]
31 silly lockFile c813d86a- *@
32 error 404 '*' is not in the npm registry.
32 error 404 You should bug the author to publish it
32 error 404
32 error 404 Note that you can also install from a
32 error 404 tarball, folder, or http url, or git url.
33 error System Windows_NT 6.2.9200
34 error command "C:\\Program Files\\nodejs\\\\node.exe" "C:\\Program Files\\nodejs\\node_modules\\npm\\bin\\npm-cli.js" "install" "*"
35 error cwd C:\Users\Roy\Dropbox\NodeJS\energyvampires\Energy_Vampires\RealTime
36 error node -v v0.8.17
37 error npm -v 1.2.0
38 error code E404
39 verbose exit [ 1, true ]
